  words_the_game.cpp
C:\Project\words_the_game\packages\sfml-system.2.4.2.0\build\native\include\SFML\Graphics\Rect.inl(81,19): error C2589: (: недопустимая лексема справа от "::"
C:\Project\words_the_game\packages\sfml-system.2.4.2.0\build\native\include\SFML\Graphics\Rect.inl(81,19): error C2760: синтаксическая ошибка: непредвиденный элемент ")". Ожидается ";"
C:\Project\words_the_game\packages\sfml-system.2.4.2.0\build\native\include\SFML\Graphics\Rect.inl(81,19): error C3878: синтаксическая ошибка: непредвиденный маркер ")" после "expression_statement"
C:\Project\words_the_game\packages\sfml-system.2.4.2.0\build\native\include\SFML\Graphics\Rect.inl(81,19): message : пропущено восстановление ошибки: ")"
C:\Project\words_the_game\packages\sfml-system.2.4.2.0\build\native\include\SFML\Graphics\Rect.inl(82,19): error C2589: (: недопустимая лексема справа от "::"
C:\Project\words_the_game\packages\sfml-system.2.4.2.0\build\native\include\SFML\Graphics\Rect.inl(82,19): error C2760: синтаксическая ошибка: непредвиденный элемент ")". Ожидается ";"
C:\Project\words_the_game\packages\sfml-system.2.4.2.0\build\native\include\SFML\Graphics\Rect.inl(82,19): error C3878: синтаксическая ошибка: непредвиденный маркер ")" после "expression_statement"
C:\Project\words_the_game\packages\sfml-system.2.4.2.0\build\native\include\SFML\Graphics\Rect.inl(82,19): message : пропущено восстановление ошибки: ")"
C:\Project\words_the_game\packages\sfml-system.2.4.2.0\build\native\include\SFML\Graphics\Rect.inl(83,19): error C2589: (: недопустимая лексема справа от "::"
C:\Project\words_the_game\packages\sfml-system.2.4.2.0\build\native\include\SFML\Graphics\Rect.inl(83,19): error C2760: синтаксическая ошибка: непредвиденный элемент ")". Ожидается ";"
C:\Project\words_the_game\packages\sfml-system.2.4.2.0\build\native\include\SFML\Graphics\Rect.inl(83,19): error C3878: синтаксическая ошибка: непредвиденный маркер ")" после "expression_statement"
C:\Project\words_the_game\packages\sfml-system.2.4.2.0\build\native\include\SFML\Graphics\Rect.inl(83,19): message : пропущено восстановление ошибки: ")"
C:\Project\words_the_game\packages\sfml-system.2.4.2.0\build\native\include\SFML\Graphics\Rect.inl(84,19): error C2589: (: недопустимая лексема справа от "::"
C:\Project\words_the_game\packages\sfml-system.2.4.2.0\build\native\include\SFML\Graphics\Rect.inl(84,19): error C2760: синтаксическая ошибка: непредвиденный элемент ")". Ожидается ";"
C:\Project\words_the_game\packages\sfml-system.2.4.2.0\build\native\include\SFML\Graphics\Rect.inl(84,19): error C3878: синтаксическая ошибка: непредвиденный маркер ")" после "expression_statement"
C:\Project\words_the_game\packages\sfml-system.2.4.2.0\build\native\include\SFML\Graphics\Rect.inl(84,19): message : пропущено восстановление ошибки: ")"
C:\Project\words_the_game\packages\sfml-system.2.4.2.0\build\native\include\SFML\Graphics\Rect.inl(114,21): error C2589: (: недопустимая лексема справа от "::"
C:\Project\words_the_game\packages\sfml-system.2.4.2.0\build\native\include\SFML\Graphics\Rect.inl(114,21): error C2760: синтаксическая ошибка: непредвиденный элемент ")". Ожидается ";"
C:\Project\words_the_game\packages\sfml-system.2.4.2.0\build\native\include\SFML\Graphics\Rect.inl(114,21): error C3878: синтаксическая ошибка: непредвиденный маркер ")" после "expression_statement"
C:\Project\words_the_game\packages\sfml-system.2.4.2.0\build\native\include\SFML\Graphics\Rect.inl(114,21): message : пропущено восстановление ошибки: ")"
C:\Project\words_the_game\packages\sfml-system.2.4.2.0\build\native\include\SFML\Graphics\Rect.inl(115,21): error C2589: (: недопустимая лексема справа от "::"
C:\Project\words_the_game\packages\sfml-system.2.4.2.0\build\native\include\SFML\Graphics\Rect.inl(115,21): error C2760: синтаксическая ошибка: непредвиденный элемент ")". Ожидается ";"
C:\Project\words_the_game\packages\sfml-system.2.4.2.0\build\native\include\SFML\Graphics\Rect.inl(115,21): error C3878: синтаксическая ошибка: непредвиденный маркер ")" после "expression_statement"
C:\Project\words_the_game\packages\sfml-system.2.4.2.0\build\native\include\SFML\Graphics\Rect.inl(115,21): message : пропущено восстановление ошибки: ")"
C:\Project\words_the_game\packages\sfml-system.2.4.2.0\build\native\include\SFML\Graphics\Rect.inl(116,21): error C2589: (: недопустимая лексема справа от "::"
C:\Project\words_the_game\packages\sfml-system.2.4.2.0\build\native\include\SFML\Graphics\Rect.inl(116,21): error C2760: синтаксическая ошибка: непредвиденный элемент ")". Ожидается ";"
C:\Project\words_the_game\packages\sfml-system.2.4.2.0\build\native\include\SFML\Graphics\Rect.inl(116,21): error C3878: синтаксическая ошибка: непредвиденный маркер ")" после "expression_statement"
C:\Project\words_the_game\packages\sfml-system.2.4.2.0\build\native\include\SFML\Graphics\Rect.inl(116,21): message : пропущено восстановление ошибки: ")"
C:\Project\words_the_game\packages\sfml-system.2.4.2.0\build\native\include\SFML\Graphics\Rect.inl(117,21): error C2589: (: недопустимая лексема справа от "::"
C:\Project\words_the_game\packages\sfml-system.2.4.2.0\build\native\include\SFML\Graphics\Rect.inl(117,21): error C2760: синтаксическая ошибка: непредвиденный элемент ")". Ожидается ";"
C:\Project\words_the_game\packages\sfml-system.2.4.2.0\build\native\include\SFML\Graphics\Rect.inl(117,21): error C3878: синтаксическая ошибка: непредвиденный маркер ")" после "expression_statement"
C:\Project\words_the_game\packages\sfml-system.2.4.2.0\build\native\include\SFML\Graphics\Rect.inl(117,21): message : пропущено восстановление ошибки: ")"
C:\Project\words_the_game\packages\sfml-system.2.4.2.0\build\native\include\SFML\Graphics\Rect.inl(120,21): error C2589: (: недопустимая лексема справа от "::"
C:\Project\words_the_game\packages\sfml-system.2.4.2.0\build\native\include\SFML\Graphics\Rect.inl(120,21): error C2760: синтаксическая ошибка: непредвиденный элемент ")". Ожидается ";"
C:\Project\words_the_game\packages\sfml-system.2.4.2.0\build\native\include\SFML\Graphics\Rect.inl(120,21): error C3878: синтаксическая ошибка: непредвиденный маркер ")" после "expression_statement"
C:\Project\words_the_game\packages\sfml-system.2.4.2.0\build\native\include\SFML\Graphics\Rect.inl(120,21): message : пропущено восстановление ошибки: ")"
C:\Project\words_the_game\packages\sfml-system.2.4.2.0\build\native\include\SFML\Graphics\Rect.inl(121,21): error C2589: (: недопустимая лексема справа от "::"
C:\Project\words_the_game\packages\sfml-system.2.4.2.0\build\native\include\SFML\Graphics\Rect.inl(121,21): error C2760: синтаксическая ошибка: непредвиденный элемент ")". Ожидается ";"
C:\Project\words_the_game\packages\sfml-system.2.4.2.0\build\native\include\SFML\Graphics\Rect.inl(121,21): error C3878: синтаксическая ошибка: непредвиденный маркер ")" после "expression_statement"
C:\Project\words_the_game\packages\sfml-system.2.4.2.0\build\native\include\SFML\Graphics\Rect.inl(121,21): message : пропущено восстановление ошибки: ")"
C:\Project\words_the_game\packages\sfml-system.2.4.2.0\build\native\include\SFML\Graphics\Rect.inl(122,21): error C2589: (: недопустимая лексема справа от "::"
C:\Project\words_the_game\packages\sfml-system.2.4.2.0\build\native\include\SFML\Graphics\Rect.inl(122,21): error C2760: синтаксическая ошибка: непредвиденный элемент ")". Ожидается ";"
C:\Project\words_the_game\packages\sfml-system.2.4.2.0\build\native\include\SFML\Graphics\Rect.inl(122,21): error C3878: синтаксическая ошибка: непредвиденный маркер ")" после "expression_statement"
C:\Project\words_the_game\packages\sfml-system.2.4.2.0\build\native\include\SFML\Graphics\Rect.inl(122,21): message : пропущено восстановление ошибки: ")"
C:\Project\words_the_game\packages\sfml-system.2.4.2.0\build\native\include\SFML\Graphics\Rect.inl(123,21): error C2589: (: недопустимая лексема справа от "::"
C:\Project\words_the_game\packages\sfml-system.2.4.2.0\build\native\include\SFML\Graphics\Rect.inl(123,21): error C2760: синтаксическая ошибка: непредвиденный элемент ")". Ожидается ";"
C:\Project\words_the_game\packages\sfml-system.2.4.2.0\build\native\include\SFML\Graphics\Rect.inl(123,21): error C3878: синтаксическая ошибка: непредвиденный маркер ")" после "expression_statement"
C:\Project\words_the_game\packages\sfml-system.2.4.2.0\build\native\include\SFML\Graphics\Rect.inl(123,21): message : пропущено восстановление ошибки: ")"
C:\Project\words_the_game\packages\sfml-system.2.4.2.0\build\native\include\SFML\Graphics\Rect.inl(126,26): error C2589: (: недопустимая лексема справа от "::"
C:\Project\words_the_game\packages\sfml-system.2.4.2.0\build\native\include\SFML\Graphics\Rect.inl(126,26): error C2760: синтаксическая ошибка: непредвиденный элемент ")". Ожидается ";"
C:\Project\words_the_game\packages\sfml-system.2.4.2.0\build\native\include\SFML\Graphics\Rect.inl(126,26): error C3878: синтаксическая ошибка: непредвиденный маркер ")" после "expression_statement"
C:\Project\words_the_game\packages\sfml-system.2.4.2.0\build\native\include\SFML\Graphics\Rect.inl(126,26): message : пропущено восстановление ошибки: ")"
C:\Project\words_the_game\packages\sfml-system.2.4.2.0\build\native\include\SFML\Graphics\Rect.inl(127,26): error C2589: (: недопустимая лексема справа от "::"
C:\Project\words_the_game\packages\sfml-system.2.4.2.0\build\native\include\SFML\Graphics\Rect.inl(127,26): error C2760: синтаксическая ошибка: непредвиденный элемент ")". Ожидается ";"
C:\Project\words_the_game\packages\sfml-system.2.4.2.0\build\native\include\SFML\Graphics\Rect.inl(127,26): error C3878: синтаксическая ошибка: непредвиденный маркер ")" после "expression_statement"
C:\Project\words_the_game\packages\sfml-system.2.4.2.0\build\native\include\SFML\Graphics\Rect.inl(127,26): message : пропущено восстановление ошибки: ")"
C:\Project\words_the_game\packages\sfml-system.2.4.2.0\build\native\include\SFML\Graphics\Rect.inl(128,26): error C2589: (: недопустимая лексема справа от "::"
C:\Project\words_the_game\packages\sfml-system.2.4.2.0\build\native\include\SFML\Graphics\Rect.inl(128,26): error C2760: синтаксическая ошибка: непредвиденный элемент ")". Ожидается ";"
C:\Project\words_the_game\packages\sfml-system.2.4.2.0\build\native\include\SFML\Graphics\Rect.inl(128,26): error C3878: синтаксическая ошибка: непредвиденный маркер ")" после "expression_statement"
C:\Project\words_the_game\packages\sfml-system.2.4.2.0\build\native\include\SFML\Graphics\Rect.inl(128,26): message : пропущено восстановление ошибки: ")"
C:\Project\words_the_game\packages\sfml-system.2.4.2.0\build\native\include\SFML\Graphics\Rect.inl(129,26): error C2589: (: недопустимая лексема справа от "::"
C:\Project\words_the_game\packages\sfml-system.2.4.2.0\build\native\include\SFML\Graphics\Rect.inl(129,26): error C2760: синтаксическая ошибка: непредвиденный элемент ")". Ожидается ";"
C:\Project\words_the_game\packages\sfml-system.2.4.2.0\build\native\include\SFML\Graphics\Rect.inl(129,26): error C3878: синтаксическая ошибка: непредвиденный маркер ")" после "expression_statement"
C:\Project\words_the_game\packages\sfml-system.2.4.2.0\build\native\include\SFML\Graphics\Rect.inl(129,26): message : пропущено восстановление ошибки: ")"
C:\Project\words_the_game\words_the_game\words_the_game.cpp(57,23): warning C4018: <: несоответствие типов со знаком и без знака
C:\Project\words_the_game\words_the_game\words_the_game.cpp(71,23): warning C4018: <: несоответствие типов со знаком и без знака
C:\Project\words_the_game\words_the_game\words_the_game.cpp(201,35): warning C4018: <: несоответствие типов со знаком и без знака
